  Source.cpp
c:\users\пашакуловт\source\repos\project1\project1\source.cpp(50): warning C4018: <: несоответствие типов со знаком и без знака
c:\users\пашакуловт\source\repos\project1\project1\source.cpp(58): warning C4018: <: несоответствие типов со знаком и без знака
c:\users\пашакуловт\source\repos\project1\project1\source.cpp(70): warning C4018: <: несоответствие типов со знаком и без знака
c:\users\пашакуловт\source\repos\project1\project1\source.cpp(81): warning C4018: <: несоответствие типов со знаком и без знака
c:\users\пашакуловт\source\repos\project1\project1\source.cpp(83): warning C4018: <: несоответствие типов со знаком и без знака
c:\users\пашакуловт\source\repos\project1\project1\source.cpp(116): warning C4018: <: несоответствие типов со знаком и без знака
c:\users\пашакуловт\source\repos\project1\project1\source.cpp(145): warning C4018: <: несоответствие типов со знаком и без знака
c:\users\пашакуловт\source\repos\project1\project1\source.cpp(154): warning C4018: <: несоответствие типов со знаком и без знака
c:\users\пашакуловт\source\repos\project1\project1\source.cpp(160): warning C4018: <: несоответствие типов со знаком и без знака
c:\users\пашакуловт\source\repos\project1\project1\source.cpp(260): warning C4018: <: несоответствие типов со знаком и без знака
c:\users\пашакуловт\source\repos\project1\project1\source.cpp(266): warning C4018: <: несоответствие типов со знаком и без знака
c:\users\пашакуловт\source\repos\project1\project1\source.cpp(270): warning C4018: <: несоответствие типов со знаком и без знака
c:\users\пашакуловт\source\repos\project1\project1\source.cpp(273): warning C4018: <: несоответствие типов со знаком и без знака
c:\users\пашакуловт\source\repos\project1\project1\source.cpp(278): warning C4018: <: несоответствие типов со знаком и без знака
c:\users\пашакуловт\source\repos\project1\project1\source.cpp(281): warning C4018: <: несоответствие типов со знаком и без знака
c:\users\пашакуловт\source\repos\project1\project1\source.cpp(288): warning C4018: <: несоответствие типов со знаком и без знака
c:\users\пашакуловт\source\repos\project1\project1\source.cpp(290): warning C4018: <: несоответствие типов со знаком и без знака
c:\users\пашакуловт\source\repos\project1\project1\source.cpp(309): warning C4018: <: несоответствие типов со знаком и без знака
c:\users\пашакуловт\source\repos\project1\project1\source.cpp(312): warning C4018: <: несоответствие типов со знаком и без знака
c:\users\пашакуловт\source\repos\project1\project1\source.cpp(329): warning C4018: <: несоответствие типов со знаком и без знака
c:\users\пашакуловт\source\repos\project1\project1\source.cpp(334): warning C4018: <: несоответствие типов со знаком и без знака
c:\users\пашакуловт\source\repos\project1\project1\source.cpp(337): warning C4018: <: несоответствие типов со знаком и без знака
c:\users\пашакуловт\source\repos\project1\project1\source.cpp(347): warning C4018: <: несоответствие типов со знаком и без знака
c:\users\пашакуловт\source\repos\project1\project1\source.cpp(362): warning C4018: <: несоответствие типов со знаком и без знака
c:\users\пашакуловт\source\repos\project1\project1\source.cpp(365): warning C4018: <: несоответствие типов со знаком и без знака
c:\users\пашакуловт\source\repos\project1\project1\source.cpp(382): warning C4018: <: несоответствие типов со знаком и без знака
c:\users\пашакуловт\source\repos\project1\project1\source.cpp(387): warning C4018: <: несоответствие типов со знаком и без знака
c:\users\пашакуловт\source\repos\project1\project1\source.cpp(390): warning C4018: <: несоответствие типов со знаком и без знака
c:\users\пашакуловт\source\repos\project1\project1\source.cpp(400): warning C4018: <: несоответствие типов со знаком и без знака
c:\users\пашакуловт\source\repos\project1\project1\source.cpp(416): warning C4018: <: несоответствие типов со знаком и без знака
c:\users\пашакуловт\source\repos\project1\project1\source.cpp(419): warning C4018: <: несоответствие типов со знаком и без знака
c:\users\пашакуловт\source\repos\project1\project1\source.cpp(374): warning C4101: p: неиспользованная локальная переменная
c:\users\пашакуловт\source\repos\project1\project1\source.cpp(374): warning C4101: p2: неиспользованная локальная переменная
c:\users\пашакуловт\source\repos\project1\project1\source.cpp(519): warning C4244: аргумент: преобразование "time_t" в "unsigned int", возможна потеря данных
  Project1.vcxproj -> C:\Users\ПашакуловТ\source\repos\Project1\Debug\Project1.exe
